<?xml version="1.0" encoding="UTF-8"?>
<testsuites name="2. Web - Detail Pengajuan" time="135.782" tests="2" failures="0" errors="0">
   <testsuite name="2. Web - Detail Pengajuan" tests="2" failures="0" errors="0" time="135.782" skipped="0" timestamp="2022-07-15 16:24:54" hostname="Nia Yusniati - Apandi.mshome.net" id="Test Suites/2. Web - Detail Pengajuan">
      <properties>
         <property name="deviceName" value=""/>
         <property name="devicePlatform" value=""/>
         <property name="logFolder" value="C:\\Users\\Nia Yusniati\\Git_Asa\\webview-tracking\\Reports\\20220715_162428\\2. Web - Detail Pengajuan\\20220715_162428"/>
         <property name="logFiles" value="C:\\Users\\Nia Yusniati\\Git_Asa\\webview-tracking\\Reports\\20220715_162428\\2. Web - Detail Pengajuan\\20220715_162428\\execution0.log"/>
         <property name="attachments" value="C:\Users\Nia Yusniati\Git_Asa\webview-tracking\Screenshoot\keyes\keyes-Web TrackingScreenshoot Web Tracking List Pengajuan.png, C:\Users\Nia Yusniati\Git_Asa\webview-tracking\Screenshoot\keyes\keyes-Web TrackingScreenshoot Web Tracking Halaman Detail Pengajuan.png, C:\Users\Nia Yusniati\Git_Asa\webview-tracking\Screenshoot\keyes\keyes-Web TrackingScreenshoot Web Tracking Halaman Detail Pengajuan sampai mana.png, C:\Users\Nia Yusniati\Git_Asa\webview-tracking\Screenshoot\keyes\keyes-Web TrackingScreenshoot Web Tracking Info Pengajuan.png"/>
         <property name="hostName" value="Nia Yusniati - Apandi.mshome.net"/>
         <property name="os" value="Windows 10 64bit"/>
         <property name="katalonVersion" value="8.1.0.208"/>
         <property name="browser" value="Chrome 103.0.5060.114"/>
         <property name="hostAddress" value="192.168.137.70"/>
         <property name="sessionId" value="f0374bb8460b126809c0a31f8a7d43af"/>
         <property name="seleniumVersion" value="3.141.59"/>
         <property name="proxyInformation" value="ProxyInformation { proxyOption=NO_PROXY, proxyServerType=HTTP, username=, password=********, proxyServerAddress=, proxyServerPort=0, executionList=&quot;&quot;, isApplyToDesiredCapabilities=true }"/>
         <property name="platform" value="Windows 10"/>
      </properties>
      <testcase name="Test Cases/api" time="4.43" classname="Test Cases/api" status="PASSED">
         <system-out><![CDATA[2022-07-15 16:24:54 - [TEST_CASE][PASSED] - Test Cases/api: Test Cases/api

2022-07-15 16:24:55 - [TEST_STEP][PASSED] - request = sendRequest(findTestObject("get request id", ["nik":nik])): Send request successfully

2022-07-15 16:24:57 - [MESSAGE][INFO] - HAR: C:\Users\Nia Yusniati\Git_Asa\webview-tracking\Reports\20220715_162428\2. Web - Detail Pengajuan\20220715_162428\requests\main\0.har

2022-07-15 16:24:58 - [MESSAGE][PASSED] - Send request successfully

2022-07-15 16:24:58 - [TEST_STEP][PASSED] - slurper = new groovy.json.JsonSlurper(): null

2022-07-15 16:24:58 - [TEST_STEP][PASSED] - get_token = slurper.parseText(request.getResponseBodyContent()): null

2022-07-15 16:24:58 - [TEST_STEP][PASSED] - req_id = requestId: null

2022-07-15 16:24:58 - [TEST_STEP][PASSED] - request_id = req_id: null

2022-07-15 16:24:58 - [TEST_STEP][PASSED] - println("token is :" + request_id): null

2022-07-15 16:24:58 - [TEST_STEP][PASSED] - response_token = request.getResponseText(): null

2022-07-15 16:24:58 - [TEST_STEP][PASSED] - logInfo($response_token): {"errorCode":"00","errorMessage":"sukses","requestId":"vo6MH0Yy7og2GOMiRAzK3HHHOSqdQ8THCP+DvpVXblGgRzKbvAjub2/WsEhLUtUQ"}

2022-07-15 16:24:59 - [MESSAGE][INFO] - {"errorCode":"00","errorMessage":"sukses","requestId":"vo6MH0Yy7og2GOMiRAzK3HHHOSqdQ8THCP+DvpVXblGgRzKbvAjub2/WsEhLUtUQ"}]]></system-out>
         <system-err><![CDATA[]]></system-err>
      </testcase>
      <testcase name="Test Cases/web" time="129.482" classname="Test Cases/web" status="PASSED">
         <system-out><![CDATA[2022-07-15 16:24:59 - [TEST_CASE][PASSED] - Test Cases/web: Test Cases/web

2022-07-15 16:25:00 - [TEST_STEP][PASSED] - robot = new java.awt.Robot(): null

2022-07-15 16:25:00 - [TEST_STEP][PASSED] - userDir = getProjectDir(): null

2022-07-15 16:25:00 - [TEST_STEP][PASSED] - openBrowser(""): Browser is opened with url: ''

2022-07-15 16:25:01 - [MESSAGE][INFO] - Starting 'Chrome' driver

2022-07-15 16:25:01 - [MESSAGE][INFO] - Action delay is set to 0 milliseconds

2022-07-15 16:25:03 - [MESSAGE][PASSED] - Browser is opened with url: ''

2022-07-15 16:25:03 - [TEST_STEP][PASSED] - navigateToUrl("https://tracking.idofocus.co.id:25443/status-pengajuan?request_id=" + request_id): Navigate to 'https://tracking.idofocus.co.id:25443/status-pengajuan?request_id=vo6MH0Yy7og2GOMiRAzK3HHHOSqdQ8THCP+DvpVXblGgRzKbvAjub2/WsEhLUtUQ' successfully

2022-07-15 16:25:05 - [MESSAGE][PASSED] - Navigate to 'https://tracking.idofocus.co.id:25443/status-pengajuan?request_id=vo6MH0Yy7og2GOMiRAzK3HHHOSqdQ8THCP+DvpVXblGgRzKbvAjub2/WsEhLUtUQ' successfully

2022-07-15 16:25:05 - [TEST_STEP][PASSED] - delay(5): Delayed 5 second(s)

2022-07-15 16:25:10 - [MESSAGE][PASSED] - Delayed 5 second(s)

2022-07-15 16:25:10 - [TEST_STEP][PASSED] - comment("Verifikasi Element untuk cek setiap object yang muncul"): Verifikasi Element untuk cek setiap object yang muncul

2022-07-15 16:25:10 - [MESSAGE][INFO] - Verifikasi Element untuk cek setiap object yang muncul

2022-07-15 16:25:10 - [TEST_STEP][PASSED] - verifyElementPresent(findTestObject("Verify2/3.3 Status Pengajuan Terbaru"), 0, STOP_ON_FAILURE): Object 'Object Repository/Verify2/3.3 Status Pengajuan Terbaru' is present

2022-07-15 16:25:10 - [MESSAGE][WARNING] - Timeout '0' is invalid. Using default page load timeout: '30'

2022-07-15 16:25:11 - [MESSAGE][PASSED] - Object 'Object Repository/Verify2/3.3 Status Pengajuan Terbaru' is present

2022-07-15 16:25:11 - [TEST_STEP][PASSED] - delay(3): Delayed 3 second(s)

2022-07-15 16:25:14 - [MESSAGE][PASSED] - Delayed 3 second(s)

2022-07-15 16:25:14 - [TEST_STEP][PASSED] - verifyElementPresent(findTestObject("Verify2/3.1 Tipe Aplikasi Pengajuan"), 0, STOP_ON_FAILURE): Object 'Object Repository/Verify2/3.1 Tipe Aplikasi Pengajuan' is present

2022-07-15 16:25:14 - [MESSAGE][WARNING] - Timeout '0' is invalid. Using default page load timeout: '30'

2022-07-15 16:25:14 - [MESSAGE][PASSED] - Object 'Object Repository/Verify2/3.1 Tipe Aplikasi Pengajuan' is present

2022-07-15 16:25:14 - [TEST_STEP][PASSED] - delay(3): Delayed 3 second(s)

2022-07-15 16:25:17 - [MESSAGE][PASSED] - Delayed 3 second(s)

2022-07-15 16:25:17 - [TEST_STEP][PASSED] - verifyElementPresent(findTestObject("Verify2/3.4 Tanggal Pengajuan"), 0, STOP_ON_FAILURE): Object 'Object Repository/Verify2/3.4 Tanggal Pengajuan' is present

2022-07-15 16:25:17 - [MESSAGE][WARNING] - Timeout '0' is invalid. Using default page load timeout: '30'

2022-07-15 16:25:17 - [MESSAGE][PASSED] - Object 'Object Repository/Verify2/3.4 Tanggal Pengajuan' is present

2022-07-15 16:25:17 - [TEST_STEP][PASSED] - delay(3): Delayed 3 second(s)

2022-07-15 16:25:20 - [MESSAGE][PASSED] - Delayed 3 second(s)

2022-07-15 16:25:20 - [TEST_STEP][PASSED] - verifyElementPresent(findTestObject("Verify2/3.2 Merk - Model Kendaraan"), 0, STOP_ON_FAILURE): Object 'Object Repository/Verify2/3.2 Merk - Model Kendaraan' is present

2022-07-15 16:25:20 - [MESSAGE][WARNING] - Timeout '0' is invalid. Using default page load timeout: '30'

2022-07-15 16:25:21 - [MESSAGE][PASSED] - Object 'Object Repository/Verify2/3.2 Merk - Model Kendaraan' is present

2022-07-15 16:25:21 - [TEST_STEP][PASSED] - delay(3): Delayed 3 second(s)

2022-07-15 16:25:24 - [MESSAGE][PASSED] - Delayed 3 second(s)

2022-07-15 16:25:24 - [TEST_STEP][PASSED] - verifyElementPresent(findTestObject("Verify2/3.5 Status Pengajuan"), 0, STOP_ON_FAILURE): Object 'Object Repository/Verify2/3.5 Status Pengajuan' is present

2022-07-15 16:25:24 - [MESSAGE][WARNING] - Timeout '0' is invalid. Using default page load timeout: '30'

2022-07-15 16:25:24 - [MESSAGE][PASSED] - Object 'Object Repository/Verify2/3.5 Status Pengajuan' is present

2022-07-15 16:25:24 - [TEST_STEP][PASSED] - takeFullPageScreenshotAsCheckpoint(userDir + sswebviewtracking + "Screenshoot Web Tracking List Pengajuan.png"): Taking screenshot successfully

2022-07-15 16:25:25 - [MESSAGE][INFO] - 0 hidden object(s)

2022-07-15 16:25:25 - [MESSAGE][PASSED] - Taking screenshot successfully
[[ATTACHMENT|C:\Users\Nia Yusniati\Git_Asa\webview-tracking\Screenshoot\keyes\keyes-Web TrackingScreenshoot Web Tracking List Pengajuan.png]]

2022-07-15 16:25:25 - [TEST_STEP][PASSED] - markPassed("Screenshoot Web Tracking List Pengajuan"): Screenshoot Web Tracking List Pengajuan

2022-07-15 16:25:25 - [MESSAGE][PASSED] - Screenshoot Web Tracking List Pengajuan

2022-07-15 16:25:25 - [TEST_STEP][PASSED] - delay(5): Delayed 5 second(s)

2022-07-15 16:25:30 - [MESSAGE][PASSED] - Delayed 5 second(s)

2022-07-15 16:25:30 - [TEST_STEP][PASSED] - click(findTestObject("Status Pengajuan/List Data 1")): Object: 'Object Repository/Status Pengajuan/List Data 1' is clicked on

2022-07-15 16:25:30 - [MESSAGE][PASSED] - Object: 'Object Repository/Status Pengajuan/List Data 1' is clicked on

2022-07-15 16:25:30 - [TEST_STEP][PASSED] - comment("Info Detail List Pengajuan"): Info Detail List Pengajuan

2022-07-15 16:25:30 - [MESSAGE][INFO] - Info Detail List Pengajuan

2022-07-15 16:25:30 - [TEST_STEP][PASSED] - delay(3): Delayed 3 second(s)

2022-07-15 16:25:33 - [MESSAGE][PASSED] - Delayed 3 second(s)

2022-07-15 16:25:33 - [TEST_STEP][PASSED] - verifyElementPresent(findTestObject("Status Pengajuan/1.2 Info Pengajuan"), 0): Object 'Object Repository/Status Pengajuan/1.2 Info Pengajuan' is present

2022-07-15 16:25:34 - [MESSAGE][WARNING] - Timeout '0' is invalid. Using default page load timeout: '30'

2022-07-15 16:25:34 - [MESSAGE][PASSED] - Object 'Object Repository/Status Pengajuan/1.2 Info Pengajuan' is present

2022-07-15 16:25:34 - [TEST_STEP][PASSED] - delay(3): Delayed 3 second(s)

2022-07-15 16:25:37 - [MESSAGE][PASSED] - Delayed 3 second(s)

2022-07-15 16:25:37 - [TEST_STEP][PASSED] - verifyElementPresent(findTestObject("Status Pengajuan/1.1 Tanggal Pengajuan"), 0): Object 'Object Repository/Status Pengajuan/1.1 Tanggal Pengajuan' is present

2022-07-15 16:25:37 - [MESSAGE][WARNING] - Timeout '0' is invalid. Using default page load timeout: '30'

2022-07-15 16:25:37 - [MESSAGE][PASSED] - Object 'Object Repository/Status Pengajuan/1.1 Tanggal Pengajuan' is present

2022-07-15 16:25:37 - [TEST_STEP][PASSED] - delay(3): Delayed 3 second(s)

2022-07-15 16:25:40 - [MESSAGE][PASSED] - Delayed 3 second(s)

2022-07-15 16:25:40 - [TEST_STEP][PASSED] - verifyElementPresent(findTestObject("Status Pengajuan/1.2 Info Pengajuan"), 0): Object 'Object Repository/Status Pengajuan/1.2 Info Pengajuan' is present

2022-07-15 16:25:40 - [MESSAGE][WARNING] - Timeout '0' is invalid. Using default page load timeout: '30'

2022-07-15 16:25:41 - [MESSAGE][PASSED] - Object 'Object Repository/Status Pengajuan/1.2 Info Pengajuan' is present

2022-07-15 16:25:41 - [TEST_STEP][PASSED] - delay(3): Delayed 3 second(s)

2022-07-15 16:25:44 - [MESSAGE][PASSED] - Delayed 3 second(s)

2022-07-15 16:25:44 - [TEST_STEP][PASSED] - verifyElementPresent(findTestObject("Status Pengajuan/1.4 Request ID"), 0): Object 'Object Repository/Status Pengajuan/1.4 Request ID' is present

2022-07-15 16:25:44 - [MESSAGE][WARNING] - Timeout '0' is invalid. Using default page load timeout: '30'

2022-07-15 16:25:44 - [MESSAGE][PASSED] - Object 'Object Repository/Status Pengajuan/1.4 Request ID' is present

2022-07-15 16:25:44 - [TEST_STEP][PASSED] - delay(3): Delayed 3 second(s)

2022-07-15 16:25:47 - [MESSAGE][PASSED] - Delayed 3 second(s)

2022-07-15 16:25:47 - [TEST_STEP][PASSED] - verifyElementPresent(findTestObject("Status Pengajuan/1.5 Nama Pengaju"), 0): Object 'Object Repository/Status Pengajuan/1.5 Nama Pengaju' is present

2022-07-15 16:25:47 - [MESSAGE][WARNING] - Timeout '0' is invalid. Using default page load timeout: '30'

2022-07-15 16:25:47 - [MESSAGE][PASSED] - Object 'Object Repository/Status Pengajuan/1.5 Nama Pengaju' is present

2022-07-15 16:25:47 - [TEST_STEP][PASSED] - delay(3): Delayed 3 second(s)

2022-07-15 16:25:50 - [MESSAGE][PASSED] - Delayed 3 second(s)

2022-07-15 16:25:51 - [TEST_STEP][PASSED] - verifyElementPresent(findTestObject("Status Pengajuan/1.6 Merk Kendaraan"), 0): Object 'Object Repository/Status Pengajuan/1.6 Merk Kendaraan' is present

2022-07-15 16:25:51 - [MESSAGE][WARNING] - Timeout '0' is invalid. Using default page load timeout: '30'

2022-07-15 16:25:51 - [MESSAGE][PASSED] - Object 'Object Repository/Status Pengajuan/1.6 Merk Kendaraan' is present

2022-07-15 16:25:51 - [TEST_STEP][PASSED] - delay(3): Delayed 3 second(s)

2022-07-15 16:25:54 - [MESSAGE][PASSED] - Delayed 3 second(s)

2022-07-15 16:25:54 - [TEST_STEP][PASSED] - verifyElementPresent(findTestObject("Status Pengajuan/1.7 Kondisi Kendaraan"), 0): Object 'Object Repository/Status Pengajuan/1.7 Kondisi Kendaraan' is present

2022-07-15 16:25:54 - [MESSAGE][WARNING] - Timeout '0' is invalid. Using default page load timeout: '30'

2022-07-15 16:25:54 - [MESSAGE][PASSED] - Object 'Object Repository/Status Pengajuan/1.7 Kondisi Kendaraan' is present

2022-07-15 16:25:54 - [TEST_STEP][PASSED] - delay(3): Delayed 3 second(s)

2022-07-15 16:25:57 - [MESSAGE][PASSED] - Delayed 3 second(s)

2022-07-15 16:25:57 - [TEST_STEP][PASSED] - verifyElementPresent(findTestObject("Status Pengajuan/1.8 Info Tanggal Pengajuan"), 0): Object 'Object Repository/Status Pengajuan/1.8 Info Tanggal Pengajuan' is present

2022-07-15 16:25:57 - [MESSAGE][WARNING] - Timeout '0' is invalid. Using default page load timeout: '30'

2022-07-15 16:25:58 - [MESSAGE][PASSED] - Object 'Object Repository/Status Pengajuan/1.8 Info Tanggal Pengajuan' is present

2022-07-15 16:25:58 - [TEST_STEP][PASSED] - delay(3): Delayed 3 second(s)

2022-07-15 16:26:01 - [MESSAGE][PASSED] - Delayed 3 second(s)

2022-07-15 16:26:01 - [TEST_STEP][PASSED] - verifyElementPresent(findTestObject("Status Pengajuan/1.9 Model Kendaraan"), 0): Object 'Object Repository/Status Pengajuan/1.9 Model Kendaraan' is present

2022-07-15 16:26:01 - [MESSAGE][WARNING] - Timeout '0' is invalid. Using default page load timeout: '30'

2022-07-15 16:26:01 - [MESSAGE][PASSED] - Object 'Object Repository/Status Pengajuan/1.9 Model Kendaraan' is present

2022-07-15 16:26:01 - [TEST_STEP][PASSED] - delay(3): Delayed 3 second(s)

2022-07-15 16:26:04 - [MESSAGE][PASSED] - Delayed 3 second(s)

2022-07-15 16:26:04 - [TEST_STEP][PASSED] - verifyElementPresent(findTestObject("Status Pengajuan/1.10 Nomber Police"), 0): Object 'Object Repository/Status Pengajuan/1.10 Nomber Police' is present

2022-07-15 16:26:04 - [MESSAGE][WARNING] - Timeout '0' is invalid. Using default page load timeout: '30'

2022-07-15 16:26:05 - [MESSAGE][PASSED] - Object 'Object Repository/Status Pengajuan/1.10 Nomber Police' is present

2022-07-15 16:26:05 - [TEST_STEP][PASSED] - delay(3): Delayed 3 second(s)

2022-07-15 16:26:08 - [MESSAGE][PASSED] - Delayed 3 second(s)

2022-07-15 16:26:08 - [TEST_STEP][PASSED] - takeFullPageScreenshotAsCheckpoint(userDir + sswebviewtracking + "Screenshoot Web Tracking Halaman Detail Pengajuan.png"): Taking screenshot successfully

2022-07-15 16:26:08 - [MESSAGE][INFO] - 0 hidden object(s)

2022-07-15 16:26:08 - [MESSAGE][PASSED] - Taking screenshot successfully
[[ATTACHMENT|C:\Users\Nia Yusniati\Git_Asa\webview-tracking\Screenshoot\keyes\keyes-Web TrackingScreenshoot Web Tracking Halaman Detail Pengajuan.png]]

2022-07-15 16:26:08 - [TEST_STEP][PASSED] - markPassed("Screenshoot Web Tracking Halaman Detail Pengajuan"): Screenshoot Web Tracking Halaman Detail Pengajuan

2022-07-15 16:26:08 - [MESSAGE][PASSED] - Screenshoot Web Tracking Halaman Detail Pengajuan

2022-07-15 16:26:08 - [TEST_STEP][PASSED] - comment("Halaman Detail sampai mana"): Halaman Detail sampai mana

2022-07-15 16:26:08 - [MESSAGE][INFO] - Halaman Detail sampai mana

2022-07-15 16:26:08 - [TEST_STEP][PASSED] - delay(3): Delayed 3 second(s)

2022-07-15 16:26:11 - [MESSAGE][PASSED] - Delayed 3 second(s)

2022-07-15 16:26:11 - [TEST_STEP][PASSED] - scrollToElement(findTestObject("Status Pengajuan/1.15 Info Realisasi"), 0): Scroll to object 'Object Repository/Status Pengajuan/1.15 Info Realisasi' successfully

2022-07-15 16:26:11 - [MESSAGE][WARNING] - Timeout '0' is invalid. Using default page load timeout: '30'

2022-07-15 16:26:12 - [MESSAGE][PASSED] - Scroll to object 'Object Repository/Status Pengajuan/1.15 Info Realisasi' successfully

2022-07-15 16:26:12 - [TEST_STEP][PASSED] - verifyElementPresent(findTestObject("Status Pengajuan/1.11 Info Pengajuan Received"), 0): Object 'Object Repository/Status Pengajuan/1.11 Info Pengajuan Received' is present

2022-07-15 16:26:12 - [MESSAGE][WARNING] - Timeout '0' is invalid. Using default page load timeout: '30'

2022-07-15 16:26:12 - [MESSAGE][PASSED] - Object 'Object Repository/Status Pengajuan/1.11 Info Pengajuan Received' is present

2022-07-15 16:26:12 - [TEST_STEP][PASSED] - delay(3): Delayed 3 second(s)

2022-07-15 16:26:15 - [MESSAGE][PASSED] - Delayed 3 second(s)

2022-07-15 16:26:15 - [TEST_STEP][PASSED] - verifyElementPresent(findTestObject("Status Pengajuan/1.12 Info Progress"), 0): Object 'Object Repository/Status Pengajuan/1.12 Info Progress' is present

2022-07-15 16:26:15 - [MESSAGE][WARNING] - Timeout '0' is invalid. Using default page load timeout: '30'

2022-07-15 16:26:15 - [MESSAGE][PASSED] - Object 'Object Repository/Status Pengajuan/1.12 Info Progress' is present

2022-07-15 16:26:15 - [TEST_STEP][PASSED] - delay(3): Delayed 3 second(s)

2022-07-15 16:26:18 - [MESSAGE][PASSED] - Delayed 3 second(s)

2022-07-15 16:26:18 - [TEST_STEP][PASSED] - verifyElementPresent(findTestObject("Status Pengajuan/1.13 Info Menunggu Approve"), 0): Object 'Object Repository/Status Pengajuan/1.13 Info Menunggu Approve' is present

2022-07-15 16:26:19 - [MESSAGE][WARNING] - Timeout '0' is invalid. Using default page load timeout: '30'

2022-07-15 16:26:19 - [MESSAGE][PASSED] - Object 'Object Repository/Status Pengajuan/1.13 Info Menunggu Approve' is present

2022-07-15 16:26:19 - [TEST_STEP][PASSED] - delay(3): Delayed 3 second(s)

2022-07-15 16:26:22 - [MESSAGE][PASSED] - Delayed 3 second(s)

2022-07-15 16:26:22 - [TEST_STEP][PASSED] - verifyElementPresent(findTestObject("Status Pengajuan/1.14 Info Tagihan Masuk"), 0): Object 'Object Repository/Status Pengajuan/1.14 Info Tagihan Masuk' is present

2022-07-15 16:26:22 - [MESSAGE][WARNING] - Timeout '0' is invalid. Using default page load timeout: '30'

2022-07-15 16:26:22 - [MESSAGE][PASSED] - Object 'Object Repository/Status Pengajuan/1.14 Info Tagihan Masuk' is present

2022-07-15 16:26:22 - [TEST_STEP][PASSED] - delay(3): Delayed 3 second(s)

2022-07-15 16:26:25 - [MESSAGE][PASSED] - Delayed 3 second(s)

2022-07-15 16:26:25 - [TEST_STEP][PASSED] - verifyElementPresent(findTestObject("Status Pengajuan/1.15 Info Realisasi"), 0): Object 'Object Repository/Status Pengajuan/1.15 Info Realisasi' is present

2022-07-15 16:26:25 - [MESSAGE][WARNING] - Timeout '0' is invalid. Using default page load timeout: '30'

2022-07-15 16:26:26 - [MESSAGE][PASSED] - Object 'Object Repository/Status Pengajuan/1.15 Info Realisasi' is present

2022-07-15 16:26:26 - [TEST_STEP][PASSED] - delay(5): Delayed 5 second(s)

2022-07-15 16:26:31 - [MESSAGE][PASSED] - Delayed 5 second(s)

2022-07-15 16:26:31 - [TEST_STEP][PASSED] - takeFullPageScreenshotAsCheckpoint(userDir + sswebviewtracking + "Screenshoot Web Tracking Halaman Detail Pengajuan sampai mana.png"): Taking screenshot successfully

2022-07-15 16:26:31 - [MESSAGE][INFO] - 0 hidden object(s)

2022-07-15 16:26:31 - [MESSAGE][PASSED] - Taking screenshot successfully
[[ATTACHMENT|C:\Users\Nia Yusniati\Git_Asa\webview-tracking\Screenshoot\keyes\keyes-Web TrackingScreenshoot Web Tracking Halaman Detail Pengajuan sampai mana.png]]

2022-07-15 16:26:31 - [TEST_STEP][PASSED] - markPassed("Screenshoot Web Tracking Halaman Detail Pengajuan sampai mana"): Screenshoot Web Tracking Halaman Detail Pengajuan sampai mana

2022-07-15 16:26:31 - [MESSAGE][PASSED] - Screenshoot Web Tracking Halaman Detail Pengajuan sampai mana

2022-07-15 16:26:31 - [TEST_STEP][PASSED] - comment("Web Tracking Info setiap pengajuan"): Web Tracking Info setiap pengajuan

2022-07-15 16:26:31 - [MESSAGE][INFO] - Web Tracking Info setiap pengajuan

2022-07-15 16:26:31 - [TEST_STEP][PASSED] - scrollToElement(findTestObject("Status Pengajuan/1.3 Status Pengajuan"), 0): Scroll to object 'Object Repository/Status Pengajuan/1.3 Status Pengajuan' successfully

2022-07-15 16:26:31 - [MESSAGE][WARNING] - Timeout '0' is invalid. Using default page load timeout: '30'

2022-07-15 16:26:32 - [MESSAGE][PASSED] - Scroll to object 'Object Repository/Status Pengajuan/1.3 Status Pengajuan' successfully

2022-07-15 16:26:32 - [TEST_STEP][PASSED] - click(findTestObject("Status Pengajuan/1.2 Info Pengajuan")): Object: 'Object Repository/Status Pengajuan/1.2 Info Pengajuan' is clicked on

2022-07-15 16:26:32 - [MESSAGE][PASSED] - Object: 'Object Repository/Status Pengajuan/1.2 Info Pengajuan' is clicked on

2022-07-15 16:26:32 - [TEST_STEP][PASSED] - delay(3): Delayed 3 second(s)

2022-07-15 16:26:35 - [MESSAGE][PASSED] - Delayed 3 second(s)

2022-07-15 16:26:35 - [TEST_STEP][PASSED] - verifyElementPresent(findTestObject("Status Pengajuan/Info Status Pengajuan/2.1 Info Status Pengajuan"), 0): Object 'Object Repository/Status Pengajuan/Info Status Pengajuan/2.1 Info Status Pengajuan' is present

2022-07-15 16:26:35 - [MESSAGE][WARNING] - Timeout '0' is invalid. Using default page load timeout: '30'

2022-07-15 16:26:36 - [MESSAGE][PASSED] - Object 'Object Repository/Status Pengajuan/Info Status Pengajuan/2.1 Info Status Pengajuan' is present

2022-07-15 16:26:36 - [TEST_STEP][PASSED] - delay(3): Delayed 3 second(s)

2022-07-15 16:26:39 - [MESSAGE][PASSED] - Delayed 3 second(s)

2022-07-15 16:26:39 - [TEST_STEP][PASSED] - verifyElementPresent(findTestObject("Status Pengajuan/Info Status Pengajuan/2.2 Info Aplikasi Diterima"), 0): Object 'Object Repository/Status Pengajuan/Info Status Pengajuan/2.2 Info Aplikasi Diterima' is present

2022-07-15 16:26:39 - [MESSAGE][WARNING] - Timeout '0' is invalid. Using default page load timeout: '30'

2022-07-15 16:26:39 - [MESSAGE][PASSED] - Object 'Object Repository/Status Pengajuan/Info Status Pengajuan/2.2 Info Aplikasi Diterima' is present

2022-07-15 16:26:39 - [TEST_STEP][PASSED] - delay(3): Delayed 3 second(s)

2022-07-15 16:26:42 - [MESSAGE][PASSED] - Delayed 3 second(s)

2022-07-15 16:26:42 - [TEST_STEP][PASSED] - verifyElementPresent(findTestObject("Status Pengajuan/Info Status Pengajuan/2.3 Info Progress Aplikasi"), 0): Object 'Object Repository/Status Pengajuan/Info Status Pengajuan/2.3 Info Progress Aplikasi' is present

2022-07-15 16:26:42 - [MESSAGE][WARNING] - Timeout '0' is invalid. Using default page load timeout: '30'

2022-07-15 16:26:42 - [MESSAGE][PASSED] - Object 'Object Repository/Status Pengajuan/Info Status Pengajuan/2.3 Info Progress Aplikasi' is present

2022-07-15 16:26:42 - [TEST_STEP][PASSED] - delay(3): Delayed 3 second(s)

2022-07-15 16:26:45 - [MESSAGE][PASSED] - Delayed 3 second(s)

2022-07-15 16:26:45 - [TEST_STEP][PASSED] - verifyElementPresent(findTestObject("Status Pengajuan/Info Status Pengajuan/2.4 Info Menunggu Approve"), 0): Object 'Object Repository/Status Pengajuan/Info Status Pengajuan/2.4 Info Menunggu Approve' is present

2022-07-15 16:26:46 - [MESSAGE][WARNING] - Timeout '0' is invalid. Using default page load timeout: '30'

2022-07-15 16:26:46 - [MESSAGE][PASSED] - Object 'Object Repository/Status Pengajuan/Info Status Pengajuan/2.4 Info Menunggu Approve' is present

2022-07-15 16:26:46 - [TEST_STEP][PASSED] - delay(3): Delayed 3 second(s)

2022-07-15 16:26:49 - [MESSAGE][PASSED] - Delayed 3 second(s)

2022-07-15 16:26:49 - [TEST_STEP][PASSED] - verifyElementPresent(findTestObject("Status Pengajuan/Info Status Pengajuan/2.5 Info Tagihan Masuk"), 0): Object 'Object Repository/Status Pengajuan/Info Status Pengajuan/2.5 Info Tagihan Masuk' is present

2022-07-15 16:26:49 - [MESSAGE][WARNING] - Timeout '0' is invalid. Using default page load timeout: '30'

2022-07-15 16:26:49 - [MESSAGE][PASSED] - Object 'Object Repository/Status Pengajuan/Info Status Pengajuan/2.5 Info Tagihan Masuk' is present

2022-07-15 16:26:49 - [TEST_STEP][PASSED] - delay(3): Delayed 3 second(s)

2022-07-15 16:26:52 - [MESSAGE][PASSED] - Delayed 3 second(s)

2022-07-15 16:26:52 - [TEST_STEP][PASSED] - verifyElementPresent(findTestObject("Status Pengajuan/Info Status Pengajuan/2.6 Info Realisasi"), 0): Object 'Object Repository/Status Pengajuan/Info Status Pengajuan/2.6 Info Realisasi' is present

2022-07-15 16:26:52 - [MESSAGE][WARNING] - Timeout '0' is invalid. Using default page load timeout: '30'

2022-07-15 16:26:53 - [MESSAGE][PASSED] - Object 'Object Repository/Status Pengajuan/Info Status Pengajuan/2.6 Info Realisasi' is present

2022-07-15 16:26:53 - [TEST_STEP][PASSED] - delay(3): Delayed 3 second(s)

2022-07-15 16:26:56 - [MESSAGE][PASSED] - Delayed 3 second(s)

2022-07-15 16:26:56 - [TEST_STEP][PASSED] - verifyElementPresent(findTestObject("Status Pengajuan/Info Status Pengajuan/2.8 Info Pengajuan Tidak Diterima"), 0): Object 'Object Repository/Status Pengajuan/Info Status Pengajuan/2.8 Info Pengajuan Tidak Diterima' is present

2022-07-15 16:26:56 - [MESSAGE][WARNING] - Timeout '0' is invalid. Using default page load timeout: '30'

2022-07-15 16:26:56 - [MESSAGE][PASSED] - Object 'Object Repository/Status Pengajuan/Info Status Pengajuan/2.8 Info Pengajuan Tidak Diterima' is present

2022-07-15 16:26:56 - [TEST_STEP][PASSED] - delay(3): Delayed 3 second(s)

2022-07-15 16:26:59 - [MESSAGE][PASSED] - Delayed 3 second(s)

2022-07-15 16:26:59 - [TEST_STEP][PASSED] - verifyElementPresent(findTestObject("Status Pengajuan/Info Status Pengajuan/2.7 Info Pengajuan Dicancel"), 0): Object 'Object Repository/Status Pengajuan/Info Status Pengajuan/2.7 Info Pengajuan Dicancel' is present

2022-07-15 16:26:59 - [MESSAGE][WARNING] - Timeout '0' is invalid. Using default page load timeout: '30'

2022-07-15 16:26:59 - [MESSAGE][PASSED] - Object 'Object Repository/Status Pengajuan/Info Status Pengajuan/2.7 Info Pengajuan Dicancel' is present

2022-07-15 16:26:59 - [TEST_STEP][PASSED] - delay(3): Delayed 3 second(s)

2022-07-15 16:27:02 - [MESSAGE][PASSED] - Delayed 3 second(s)

2022-07-15 16:27:02 - [TEST_STEP][PASSED] - takeFullPageScreenshotAsCheckpoint(userDir + sswebviewtracking + "Screenshoot Web Tracking Info Pengajuan.png"): Taking screenshot successfully

2022-07-15 16:27:03 - [MESSAGE][INFO] - 0 hidden object(s)

2022-07-15 16:27:03 - [MESSAGE][PASSED] - Taking screenshot successfully
[[ATTACHMENT|C:\Users\Nia Yusniati\Git_Asa\webview-tracking\Screenshoot\keyes\keyes-Web TrackingScreenshoot Web Tracking Info Pengajuan.png]]

2022-07-15 16:27:03 - [TEST_STEP][PASSED] - markPassed("Screenshoot Web Tracking Info Pengajuan"): Screenshoot Web Tracking Info Pengajuan

2022-07-15 16:27:03 - [MESSAGE][PASSED] - Screenshoot Web Tracking Info Pengajuan

2022-07-15 16:27:03 - [TEST_STEP][PASSED] - delay(5): Delayed 5 second(s)

2022-07-15 16:27:08 - [MESSAGE][PASSED] - Delayed 5 second(s)]]></system-out>
         <system-err><![CDATA[]]></system-err>
      </testcase>
      <system-out><![CDATA[2022-07-15 16:24:54 - [TEST_SUITE][PASSED] - 2. Web - Detail Pengajuan: Test Cases/web]]></system-out>
      <system-err><![CDATA[]]></system-err>
   </testsuite>
</testsuites>
