<?xml version="1.0" encoding="UTF-8"?>
<testsuites name="1" time="137.618" tests="2" failures="0" errors="0">
   <testsuite name="1" tests="2" failures="0" errors="0" time="137.618" skipped="0" timestamp="2022-07-14 15:28:17" hostname="Nia Yusniati - Apandi.mshome.net" id="Test Suites/1">
      <properties>
         <property name="deviceName" value=""/>
         <property name="devicePlatform" value=""/>
         <property name="logFolder" value="C:\\Users\\Nia Yusniati\\Git_Asa\\webview-tracking\\Reports\\20220714_152800\\1\\20220714_152800"/>
         <property name="logFiles" value="C:\\Users\\Nia Yusniati\\Git_Asa\\webview-tracking\\Reports\\20220714_152800\\1\\20220714_152800\\execution0.log"/>
         <property name="attachments" value="C:\\Users\\Nia Yusniati\\Git_Asa\\webview-tracking\\Reports\\20220714_152800\\1\\20220714_152800\\1657787359989.png, C:\\Users\\Nia Yusniati\\Git_Asa\\webview-tracking\\Reports\\20220714_152800\\1\\20220714_152800\\1657787396173.png, C:\\Users\\Nia Yusniati\\Git_Asa\\webview-tracking\\Reports\\20220714_152800\\1\\20220714_152800\\1657787430922.png, C:\\Users\\Nia Yusniati\\Git_Asa\\webview-tracking\\Reports\\20220714_152800\\1\\20220714_152800\\1657787431150.png"/>
         <property name="hostName" value="Nia Yusniati - Apandi.mshome.net"/>
         <property name="os" value="Windows 10 64bit"/>
         <property name="katalonVersion" value="8.1.0.208"/>
         <property name="browser" value="Chrome 103.0.5060.114"/>
         <property name="hostAddress" value="192.168.137.70"/>
         <property name="sessionId" value="d479947128e80ddcd1c6fb55f1aac1ef"/>
         <property name="seleniumVersion" value="3.141.59"/>
         <property name="proxyInformation" value="ProxyInformation { proxyOption=NO_PROXY, proxyServerType=HTTP, username=, password=********, proxyServerAddress=, proxyServerPort=0, executionList=&quot;&quot;, isApplyToDesiredCapabilities=true }"/>
         <property name="platform" value="Windows 10"/>
      </properties>
      <testcase name="Test Cases/api" time="7.461" classname="Test Cases/api" status="PASSED">
         <system-out><![CDATA[2022-07-14 15:28:18 - [TEST_CASE][PASSED] - Test Cases/api: Test Cases/api

2022-07-14 15:28:19 - [TEST_STEP][PASSED] - request = sendRequest(findTestObject("get request id", ["nik":nik])): Send request successfully

2022-07-14 15:28:24 - [MESSAGE][INFO] - HAR: C:\Users\Nia Yusniati\Git_Asa\webview-tracking\Reports\20220714_152800\1\20220714_152800\requests\main\0.har

2022-07-14 15:28:24 - [MESSAGE][PASSED] - Send request successfully

2022-07-14 15:28:24 - [TEST_STEP][PASSED] - slurper = new groovy.json.JsonSlurper(): null

2022-07-14 15:28:24 - [TEST_STEP][PASSED] - get_token = slurper.parseText(request.getResponseBodyContent()): null

2022-07-14 15:28:24 - [TEST_STEP][PASSED] - req_id = requestId: null

2022-07-14 15:28:24 - [TEST_STEP][PASSED] - request_id = req_id: null

2022-07-14 15:28:25 - [TEST_STEP][PASSED] - println("token is :" + request_id): null

2022-07-14 15:28:25 - [TEST_STEP][PASSED] - response_token = request.getResponseText(): null

2022-07-14 15:28:25 - [TEST_STEP][PASSED] - logInfo($response_token): {"errorCode":"00","errorMessage":"sukses","requestId":"czM8XBdG8JmmmGNk8kzKJOMSkBknf/HorRVShF1Ws8a7YXSxxNDojC8d4k/EMCwv"}

2022-07-14 15:28:25 - [MESSAGE][INFO] - {"errorCode":"00","errorMessage":"sukses","requestId":"czM8XBdG8JmmmGNk8kzKJOMSkBknf/HorRVShF1Ws8a7YXSxxNDojC8d4k/EMCwv"}]]></system-out>
         <system-err><![CDATA[]]></system-err>
      </testcase>
      <testcase name="Test Cases/web" time="126.747" classname="Test Cases/web" status="PASSED">
         <system-out><![CDATA[2022-07-14 15:28:25 - [TEST_CASE][PASSED] - Test Cases/web: Test Cases/web

2022-07-14 15:28:26 - [TEST_STEP][PASSED] - openBrowser(""): Browser is opened with url: ''

2022-07-14 15:28:27 - [MESSAGE][INFO] - Starting 'Chrome' driver

2022-07-14 15:28:27 - [MESSAGE][INFO] - Action delay is set to 0 milliseconds

2022-07-14 15:28:31 - [MESSAGE][PASSED] - Browser is opened with url: ''

2022-07-14 15:28:31 - [TEST_STEP][PASSED] - navigateToUrl("https://tracking.idofocus.co.id:25443/status-pengajuan?request_id=" + request_id): Navigate to 'https://tracking.idofocus.co.id:25443/status-pengajuan?request_id=czM8XBdG8JmmmGNk8kzKJOMSkBknf/HorRVShF1Ws8a7YXSxxNDojC8d4k/EMCwv' successfully

2022-07-14 15:28:33 - [MESSAGE][PASSED] - Navigate to 'https://tracking.idofocus.co.id:25443/status-pengajuan?request_id=czM8XBdG8JmmmGNk8kzKJOMSkBknf/HorRVShF1Ws8a7YXSxxNDojC8d4k/EMCwv' successfully

2022-07-14 15:28:33 - [TEST_STEP][PASSED] - delay(5): Delayed 5 second(s)

2022-07-14 15:28:38 - [MESSAGE][PASSED] - Delayed 5 second(s)

2022-07-14 15:28:38 - [TEST_STEP][PASSED] - comment("Verifikasi Element untuk cek setiap object yang muncul"): Verifikasi Element untuk cek setiap object yang muncul

2022-07-14 15:28:38 - [MESSAGE][INFO] - Verifikasi Element untuk cek setiap object yang muncul

2022-07-14 15:28:38 - [TEST_STEP][PASSED] - verifyElementPresent(findTestObject("Verify2/Page_BcafTracking/div_Aplikasi Pembiayaan Received  Toyota - New avanza 14 Jul 2022 Upgrade Asuransi Polis Terbit  TOYOTA - AGYA B 8768 KUH12 Jul 2022"), 0, OPTIONAL): Object 'Object Repository/Verify2/Page_BcafTracking/div_Aplikasi Pembiayaan Received  Toyota - New avanza 14 Jul 2022 Upgrade Asuransi Polis Terbit  TOYOTA - AGYA B 8768 KUH12 Jul 2022' is present

2022-07-14 15:28:39 - [MESSAGE][WARNING] - Timeout '0' is invalid. Using default page load timeout: '30'

2022-07-14 15:28:40 - [MESSAGE][PASSED] - Object 'Object Repository/Verify2/Page_BcafTracking/div_Aplikasi Pembiayaan Received  Toyota - New avanza 14 Jul 2022 Upgrade Asuransi Polis Terbit  TOYOTA - AGYA B 8768 KUH12 Jul 2022' is present

2022-07-14 15:28:40 - [TEST_STEP][PASSED] - delay(3): Delayed 3 second(s)

2022-07-14 15:28:43 - [MESSAGE][PASSED] - Delayed 3 second(s)

2022-07-14 15:28:43 - [TEST_STEP][PASSED] - verifyElementPresent(findTestObject("Verify2/Page_BcafTracking/div_Aplikasi Pembiayaan"), 0, OPTIONAL): Object 'Object Repository/Verify2/Page_BcafTracking/div_Aplikasi Pembiayaan' is present

2022-07-14 15:28:43 - [MESSAGE][WARNING] - Timeout '0' is invalid. Using default page load timeout: '30'

2022-07-14 15:28:43 - [MESSAGE][PASSED] - Object 'Object Repository/Verify2/Page_BcafTracking/div_Aplikasi Pembiayaan' is present

2022-07-14 15:28:43 - [TEST_STEP][PASSED] - delay(3): Delayed 3 second(s)

2022-07-14 15:28:46 - [MESSAGE][PASSED] - Delayed 3 second(s)

2022-07-14 15:28:46 - [TEST_STEP][PASSED] - verifyElementPresent(findTestObject("Verify2/Page_BcafTracking/div_14 Jul 2022"), 0, OPTIONAL): com.kms.katalon.core.webui.exception.WebElementNotFoundException: Web element with id: 'Object Repository/Verify2/Page_BcafTracking/div_14 Jul 2022' located by '(.//*[normalize-space(text()) and normalize-space(.)='Toyota - New avanza'])[1]/following::div[3]' not found (Root cause: com.kms.katalon.core.exception.StepFailedException: com.kms.katalon.core.webui.exception.WebElementNotFoundException: Web element with id: 'Object Repository/Verify2/Page_BcafTracking/div_14 Jul 2022' located by '(.//*[normalize-space(text()) and normalize-space(.)='Toyota - New avanza'])[1]/following::div[3]' not found
	at com.kms.katalon.core.webui.keyword.internal.WebUIKeywordMain.stepFailed(WebUIKeywordMain.groovy:64)
	at com.kms.katalon.core.webui.keyword.builtin.VerifyElementPresentKeyword$_verifyElementPresent_closure1.doCall(VerifyElementPresentKeyword.groovy:85)
	at com.kms.katalon.core.webui.keyword.builtin.VerifyElementPresentKeyword$_verifyElementPresent_closure1.call(VerifyElementPresentKeyword.groovy)
	at com.kms.katalon.core.webui.keyword.internal.WebUIKeywordMain.runKeyword(WebUIKeywordMain.groovy:20)
	at com.kms.katalon.core.webui.keyword.builtin.VerifyElementPresentKeyword.verifyElementPresent(VerifyElementPresentKeyword.groovy:92)
	at com.kms.katalon.core.webui.keyword.builtin.VerifyElementPresentKeyword.execute(VerifyElementPresentKeyword.groovy:68)
	at com.kms.katalon.core.keyword.internal.KeywordExecutor.executeKeywordForPlatform(KeywordExecutor.groovy:74)
	at com.kms.katalon.core.webui.keyword.WebUiBuiltInKeywords.verifyElementPresent(WebUiBuiltInKeywords.groovy:1448)
	at com.kms.katalon.core.webui.keyword.WebUiBuiltInKeywords$verifyElementPresent$1.call(Unknown Source)
	at web.run(web:37)
	at com.kms.katalon.core.main.ScriptEngine.run(ScriptEngine.java:194)
	at com.kms.katalon.core.main.ScriptEngine.runScriptAsRawText(ScriptEngine.java:119)
	at com.kms.katalon.core.main.TestCaseExecutor.runScript(TestCaseExecutor.java:430)
	at com.kms.katalon.core.main.TestCaseExecutor.doExecute(TestCaseExecutor.java:421)
	at com.kms.katalon.core.main.TestCaseExecutor.processExecutionPhase(TestCaseExecutor.java:400)
	at com.kms.katalon.core.main.TestCaseExecutor.accessMainPhase(TestCaseExecutor.java:392)
	at com.kms.katalon.core.main.TestCaseExecutor.execute(TestCaseExecutor.java:273)
	at com.kms.katalon.core.main.TestSuiteExecutor.accessTestCaseMainPhase(TestSuiteExecutor.java:202)
	at com.kms.katalon.core.main.TestSuiteExecutor.accessTestSuiteMainPhase(TestSuiteExecutor.java:164)
	at com.kms.katalon.core.main.TestSuiteExecutor.execute(TestSuiteExecutor.java:105)
	at com.kms.katalon.core.main.TestCaseMain.startTestSuite(TestCaseMain.java:185)
	at com.kms.katalon.core.main.TestCaseMain$startTestSuite$0.call(Unknown Source)
	at TempTestSuite1657787280448.run(TempTestSuite1657787280448.groovy:36)
)

2022-07-14 15:28:47 - [MESSAGE][WARNING] - Timeout '0' is invalid. Using default page load timeout: '30'

2022-07-14 15:29:19 - [MESSAGE][INFO] - Unable to find the element located by 'By.xpath: (.//*[normalize-space(text()) and normalize-space(.)='Toyota - New avanza'])[1]/following::div[3]'. Please recheck the objects properties to make sure the desired element is located. 

2022-07-14 15:29:20 - [MESSAGE][WARNING] - com.kms.katalon.core.webui.exception.WebElementNotFoundException: Web element with id: 'Object Repository/Verify2/Page_BcafTracking/div_14 Jul 2022' located by '(.//*[normalize-space(text()) and normalize-space(.)='Toyota - New avanza'])[1]/following::div[3]' not found (Root cause: com.kms.katalon.core.exception.StepFailedException: com.kms.katalon.core.webui.exception.WebElementNotFoundException: Web element with id: 'Object Repository/Verify2/Page_BcafTracking/div_14 Jul 2022' located by '(.//*[normalize-space(text()) and normalize-space(.)='Toyota - New avanza'])[1]/following::div[3]' not found
	at com.kms.katalon.core.webui.keyword.internal.WebUIKeywordMain.stepFailed(WebUIKeywordMain.groovy:64)
	at com.kms.katalon.core.webui.keyword.builtin.VerifyElementPresentKeyword$_verifyElementPresent_closure1.doCall(VerifyElementPresentKeyword.groovy:85)
	at com.kms.katalon.core.webui.keyword.builtin.VerifyElementPresentKeyword$_verifyElementPresent_closure1.call(VerifyElementPresentKeyword.groovy)
	at com.kms.katalon.core.webui.keyword.internal.WebUIKeywordMain.runKeyword(WebUIKeywordMain.groovy:20)
	at com.kms.katalon.core.webui.keyword.builtin.VerifyElementPresentKeyword.verifyElementPresent(VerifyElementPresentKeyword.groovy:92)
	at com.kms.katalon.core.webui.keyword.builtin.VerifyElementPresentKeyword.execute(VerifyElementPresentKeyword.groovy:68)
	at com.kms.katalon.core.keyword.internal.KeywordExecutor.executeKeywordForPlatform(KeywordExecutor.groovy:74)
	at com.kms.katalon.core.webui.keyword.WebUiBuiltInKeywords.verifyElementPresent(WebUiBuiltInKeywords.groovy:1448)
	at com.kms.katalon.core.webui.keyword.WebUiBuiltInKeywords$verifyElementPresent$1.call(Unknown Source)
	at web.run(web:37)
	at com.kms.katalon.core.main.ScriptEngine.run(ScriptEngine.java:194)
	at com.kms.katalon.core.main.ScriptEngine.runScriptAsRawText(ScriptEngine.java:119)
	at com.kms.katalon.core.main.TestCaseExecutor.runScript(TestCaseExecutor.java:430)
	at com.kms.katalon.core.main.TestCaseExecutor.doExecute(TestCaseExecutor.java:421)
	at com.kms.katalon.core.main.TestCaseExecutor.processExecutionPhase(TestCaseExecutor.java:400)
	at com.kms.katalon.core.main.TestCaseExecutor.accessMainPhase(TestCaseExecutor.java:392)
	at com.kms.katalon.core.main.TestCaseExecutor.execute(TestCaseExecutor.java:273)
	at com.kms.katalon.core.main.TestSuiteExecutor.accessTestCaseMainPhase(TestSuiteExecutor.java:202)
	at com.kms.katalon.core.main.TestSuiteExecutor.accessTestSuiteMainPhase(TestSuiteExecutor.java:164)
	at com.kms.katalon.core.main.TestSuiteExecutor.execute(TestSuiteExecutor.java:105)
	at com.kms.katalon.core.main.TestCaseMain.startTestSuite(TestCaseMain.java:185)
	at com.kms.katalon.core.main.TestCaseMain$startTestSuite$0.call(Unknown Source)
	at TempTestSuite1657787280448.run(TempTestSuite1657787280448.groovy:36)
)
[[ATTACHMENT|C:\\Users\\Nia Yusniati\\Git_Asa\\webview-tracking\\Reports\\20220714_152800\\1\\20220714_152800\\1657787359989.png]]

2022-07-14 15:29:20 - [TEST_STEP][PASSED] - delay(3): Delayed 3 second(s)

2022-07-14 15:29:24 - [MESSAGE][PASSED] - Delayed 3 second(s)

2022-07-14 15:29:24 - [TEST_STEP][PASSED] - verifyElementPresent(findTestObject("Verify2/Page_BcafTracking/div_Toyota - New avanza"), 0, OPTIONAL): com.kms.katalon.core.webui.exception.WebElementNotFoundException: Web element with id: 'Object Repository/Verify2/Page_BcafTracking/div_Toyota - New avanza' located by '(.//*[normalize-space(text()) and normalize-space(.)='Received'])[1]/following::div[2]' not found (Root cause: com.kms.katalon.core.exception.StepFailedException: com.kms.katalon.core.webui.exception.WebElementNotFoundException: Web element with id: 'Object Repository/Verify2/Page_BcafTracking/div_Toyota - New avanza' located by '(.//*[normalize-space(text()) and normalize-space(.)='Received'])[1]/following::div[2]' not found
	at com.kms.katalon.core.webui.keyword.internal.WebUIKeywordMain.stepFailed(WebUIKeywordMain.groovy:64)
	at com.kms.katalon.core.webui.keyword.builtin.VerifyElementPresentKeyword$_verifyElementPresent_closure1.doCall(VerifyElementPresentKeyword.groovy:85)
	at com.kms.katalon.core.webui.keyword.builtin.VerifyElementPresentKeyword$_verifyElementPresent_closure1.call(VerifyElementPresentKeyword.groovy)
	at com.kms.katalon.core.webui.keyword.internal.WebUIKeywordMain.runKeyword(WebUIKeywordMain.groovy:20)
	at com.kms.katalon.core.webui.keyword.builtin.VerifyElementPresentKeyword.verifyElementPresent(VerifyElementPresentKeyword.groovy:92)
	at com.kms.katalon.core.webui.keyword.builtin.VerifyElementPresentKeyword.execute(VerifyElementPresentKeyword.groovy:68)
	at com.kms.katalon.core.keyword.internal.KeywordExecutor.executeKeywordForPlatform(KeywordExecutor.groovy:74)
	at com.kms.katalon.core.webui.keyword.WebUiBuiltInKeywords.verifyElementPresent(WebUiBuiltInKeywords.groovy:1448)
	at com.kms.katalon.core.webui.keyword.WebUiBuiltInKeywords$verifyElementPresent$1.call(Unknown Source)
	at web.run(web:41)
	at com.kms.katalon.core.main.ScriptEngine.run(ScriptEngine.java:194)
	at com.kms.katalon.core.main.ScriptEngine.runScriptAsRawText(ScriptEngine.java:119)
	at com.kms.katalon.core.main.TestCaseExecutor.runScript(TestCaseExecutor.java:430)
	at com.kms.katalon.core.main.TestCaseExecutor.doExecute(TestCaseExecutor.java:421)
	at com.kms.katalon.core.main.TestCaseExecutor.processExecutionPhase(TestCaseExecutor.java:400)
	at com.kms.katalon.core.main.TestCaseExecutor.accessMainPhase(TestCaseExecutor.java:392)
	at com.kms.katalon.core.main.TestCaseExecutor.execute(TestCaseExecutor.java:273)
	at com.kms.katalon.core.main.TestSuiteExecutor.accessTestCaseMainPhase(TestSuiteExecutor.java:202)
	at com.kms.katalon.core.main.TestSuiteExecutor.accessTestSuiteMainPhase(TestSuiteExecutor.java:164)
	at com.kms.katalon.core.main.TestSuiteExecutor.execute(TestSuiteExecutor.java:105)
	at com.kms.katalon.core.main.TestCaseMain.startTestSuite(TestCaseMain.java:185)
	at com.kms.katalon.core.main.TestCaseMain$startTestSuite$0.call(Unknown Source)
	at TempTestSuite1657787280448.run(TempTestSuite1657787280448.groovy:36)
)

2022-07-14 15:29:25 - [MESSAGE][WARNING] - Timeout '0' is invalid. Using default page load timeout: '30'

2022-07-14 15:29:56 - [MESSAGE][INFO] - Unable to find the element located by 'By.xpath: (.//*[normalize-space(text()) and normalize-space(.)='Received'])[1]/following::div[2]'. Please recheck the objects properties to make sure the desired element is located. 

2022-07-14 15:29:56 - [MESSAGE][WARNING] - com.kms.katalon.core.webui.exception.WebElementNotFoundException: Web element with id: 'Object Repository/Verify2/Page_BcafTracking/div_Toyota - New avanza' located by '(.//*[normalize-space(text()) and normalize-space(.)='Received'])[1]/following::div[2]' not found (Root cause: com.kms.katalon.core.exception.StepFailedException: com.kms.katalon.core.webui.exception.WebElementNotFoundException: Web element with id: 'Object Repository/Verify2/Page_BcafTracking/div_Toyota - New avanza' located by '(.//*[normalize-space(text()) and normalize-space(.)='Received'])[1]/following::div[2]' not found
	at com.kms.katalon.core.webui.keyword.internal.WebUIKeywordMain.stepFailed(WebUIKeywordMain.groovy:64)
	at com.kms.katalon.core.webui.keyword.builtin.VerifyElementPresentKeyword$_verifyElementPresent_closure1.doCall(VerifyElementPresentKeyword.groovy:85)
	at com.kms.katalon.core.webui.keyword.builtin.VerifyElementPresentKeyword$_verifyElementPresent_closure1.call(VerifyElementPresentKeyword.groovy)
	at com.kms.katalon.core.webui.keyword.internal.WebUIKeywordMain.runKeyword(WebUIKeywordMain.groovy:20)
	at com.kms.katalon.core.webui.keyword.builtin.VerifyElementPresentKeyword.verifyElementPresent(VerifyElementPresentKeyword.groovy:92)
	at com.kms.katalon.core.webui.keyword.builtin.VerifyElementPresentKeyword.execute(VerifyElementPresentKeyword.groovy:68)
	at com.kms.katalon.core.keyword.internal.KeywordExecutor.executeKeywordForPlatform(KeywordExecutor.groovy:74)
	at com.kms.katalon.core.webui.keyword.WebUiBuiltInKeywords.verifyElementPresent(WebUiBuiltInKeywords.groovy:1448)
	at com.kms.katalon.core.webui.keyword.WebUiBuiltInKeywords$verifyElementPresent$1.call(Unknown Source)
	at web.run(web:41)
	at com.kms.katalon.core.main.ScriptEngine.run(ScriptEngine.java:194)
	at com.kms.katalon.core.main.ScriptEngine.runScriptAsRawText(ScriptEngine.java:119)
	at com.kms.katalon.core.main.TestCaseExecutor.runScript(TestCaseExecutor.java:430)
	at com.kms.katalon.core.main.TestCaseExecutor.doExecute(TestCaseExecutor.java:421)
	at com.kms.katalon.core.main.TestCaseExecutor.processExecutionPhase(TestCaseExecutor.java:400)
	at com.kms.katalon.core.main.TestCaseExecutor.accessMainPhase(TestCaseExecutor.java:392)
	at com.kms.katalon.core.main.TestCaseExecutor.execute(TestCaseExecutor.java:273)
	at com.kms.katalon.core.main.TestSuiteExecutor.accessTestCaseMainPhase(TestSuiteExecutor.java:202)
	at com.kms.katalon.core.main.TestSuiteExecutor.accessTestSuiteMainPhase(TestSuiteExecutor.java:164)
	at com.kms.katalon.core.main.TestSuiteExecutor.execute(TestSuiteExecutor.java:105)
	at com.kms.katalon.core.main.TestCaseMain.startTestSuite(TestCaseMain.java:185)
	at com.kms.katalon.core.main.TestCaseMain$startTestSuite$0.call(Unknown Source)
	at TempTestSuite1657787280448.run(TempTestSuite1657787280448.groovy:36)
)
[[ATTACHMENT|C:\\Users\\Nia Yusniati\\Git_Asa\\webview-tracking\\Reports\\20220714_152800\\1\\20220714_152800\\1657787396173.png]]

2022-07-14 15:29:56 - [TEST_STEP][PASSED] - delay(3): Delayed 3 second(s)

2022-07-14 15:29:59 - [MESSAGE][PASSED] - Delayed 3 second(s)

2022-07-14 15:29:59 - [TEST_STEP][PASSED] - verifyElementPresent(findTestObject("Verify2/Page_BcafTracking/span_Received"), 0, OPTIONAL): com.kms.katalon.core.webui.exception.WebElementNotFoundException: Web element with id: 'Object Repository/Verify2/Page_BcafTracking/span_Received' located by '(.//*[normalize-space(text()) and normalize-space(.)='Aplikasi Pembiayaan'])[1]/following::span[1]' not found (Root cause: com.kms.katalon.core.exception.StepFailedException: com.kms.katalon.core.webui.exception.WebElementNotFoundException: Web element with id: 'Object Repository/Verify2/Page_BcafTracking/span_Received' located by '(.//*[normalize-space(text()) and normalize-space(.)='Aplikasi Pembiayaan'])[1]/following::span[1]' not found
	at com.kms.katalon.core.webui.keyword.internal.WebUIKeywordMain.stepFailed(WebUIKeywordMain.groovy:64)
	at com.kms.katalon.core.webui.keyword.builtin.VerifyElementPresentKeyword$_verifyElementPresent_closure1.doCall(VerifyElementPresentKeyword.groovy:85)
	at com.kms.katalon.core.webui.keyword.builtin.VerifyElementPresentKeyword$_verifyElementPresent_closure1.call(VerifyElementPresentKeyword.groovy)
	at com.kms.katalon.core.webui.keyword.internal.WebUIKeywordMain.runKeyword(WebUIKeywordMain.groovy:20)
	at com.kms.katalon.core.webui.keyword.builtin.VerifyElementPresentKeyword.verifyElementPresent(VerifyElementPresentKeyword.groovy:92)
	at com.kms.katalon.core.webui.keyword.builtin.VerifyElementPresentKeyword.execute(VerifyElementPresentKeyword.groovy:68)
	at com.kms.katalon.core.keyword.internal.KeywordExecutor.executeKeywordForPlatform(KeywordExecutor.groovy:74)
	at com.kms.katalon.core.webui.keyword.WebUiBuiltInKeywords.verifyElementPresent(WebUiBuiltInKeywords.groovy:1448)
	at com.kms.katalon.core.webui.keyword.WebUiBuiltInKeywords$verifyElementPresent$1.call(Unknown Source)
	at web.run(web:45)
	at com.kms.katalon.core.main.ScriptEngine.run(ScriptEngine.java:194)
	at com.kms.katalon.core.main.ScriptEngine.runScriptAsRawText(ScriptEngine.java:119)
	at com.kms.katalon.core.main.TestCaseExecutor.runScript(TestCaseExecutor.java:430)
	at com.kms.katalon.core.main.TestCaseExecutor.doExecute(TestCaseExecutor.java:421)
	at com.kms.katalon.core.main.TestCaseExecutor.processExecutionPhase(TestCaseExecutor.java:400)
	at com.kms.katalon.core.main.TestCaseExecutor.accessMainPhase(TestCaseExecutor.java:392)
	at com.kms.katalon.core.main.TestCaseExecutor.execute(TestCaseExecutor.java:273)
	at com.kms.katalon.core.main.TestSuiteExecutor.accessTestCaseMainPhase(TestSuiteExecutor.java:202)
	at com.kms.katalon.core.main.TestSuiteExecutor.accessTestSuiteMainPhase(TestSuiteExecutor.java:164)
	at com.kms.katalon.core.main.TestSuiteExecutor.execute(TestSuiteExecutor.java:105)
	at com.kms.katalon.core.main.TestCaseMain.startTestSuite(TestCaseMain.java:185)
	at com.kms.katalon.core.main.TestCaseMain$startTestSuite$0.call(Unknown Source)
	at TempTestSuite1657787280448.run(TempTestSuite1657787280448.groovy:36)
)

2022-07-14 15:29:59 - [MESSAGE][WARNING] - Timeout '0' is invalid. Using default page load timeout: '30'

2022-07-14 15:30:30 - [MESSAGE][INFO] - Unable to find the element located by 'By.xpath: (.//*[normalize-space(text()) and normalize-space(.)='Aplikasi Pembiayaan'])[1]/following::span[1]'. Please recheck the objects properties to make sure the desired element is located. 

2022-07-14 15:30:31 - [MESSAGE][WARNING] - com.kms.katalon.core.webui.exception.WebElementNotFoundException: Web element with id: 'Object Repository/Verify2/Page_BcafTracking/span_Received' located by '(.//*[normalize-space(text()) and normalize-space(.)='Aplikasi Pembiayaan'])[1]/following::span[1]' not found (Root cause: com.kms.katalon.core.exception.StepFailedException: com.kms.katalon.core.webui.exception.WebElementNotFoundException: Web element with id: 'Object Repository/Verify2/Page_BcafTracking/span_Received' located by '(.//*[normalize-space(text()) and normalize-space(.)='Aplikasi Pembiayaan'])[1]/following::span[1]' not found
	at com.kms.katalon.core.webui.keyword.internal.WebUIKeywordMain.stepFailed(WebUIKeywordMain.groovy:64)
	at com.kms.katalon.core.webui.keyword.builtin.VerifyElementPresentKeyword$_verifyElementPresent_closure1.doCall(VerifyElementPresentKeyword.groovy:85)
	at com.kms.katalon.core.webui.keyword.builtin.VerifyElementPresentKeyword$_verifyElementPresent_closure1.call(VerifyElementPresentKeyword.groovy)
	at com.kms.katalon.core.webui.keyword.internal.WebUIKeywordMain.runKeyword(WebUIKeywordMain.groovy:20)
	at com.kms.katalon.core.webui.keyword.builtin.VerifyElementPresentKeyword.verifyElementPresent(VerifyElementPresentKeyword.groovy:92)
	at com.kms.katalon.core.webui.keyword.builtin.VerifyElementPresentKeyword.execute(VerifyElementPresentKeyword.groovy:68)
	at com.kms.katalon.core.keyword.internal.KeywordExecutor.executeKeywordForPlatform(KeywordExecutor.groovy:74)
	at com.kms.katalon.core.webui.keyword.WebUiBuiltInKeywords.verifyElementPresent(WebUiBuiltInKeywords.groovy:1448)
	at com.kms.katalon.core.webui.keyword.WebUiBuiltInKeywords$verifyElementPresent$1.call(Unknown Source)
	at web.run(web:45)
	at com.kms.katalon.core.main.ScriptEngine.run(ScriptEngine.java:194)
	at com.kms.katalon.core.main.ScriptEngine.runScriptAsRawText(ScriptEngine.java:119)
	at com.kms.katalon.core.main.TestCaseExecutor.runScript(TestCaseExecutor.java:430)
	at com.kms.katalon.core.main.TestCaseExecutor.doExecute(TestCaseExecutor.java:421)
	at com.kms.katalon.core.main.TestCaseExecutor.processExecutionPhase(TestCaseExecutor.java:400)
	at com.kms.katalon.core.main.TestCaseExecutor.accessMainPhase(TestCaseExecutor.java:392)
	at com.kms.katalon.core.main.TestCaseExecutor.execute(TestCaseExecutor.java:273)
	at com.kms.katalon.core.main.TestSuiteExecutor.accessTestCaseMainPhase(TestSuiteExecutor.java:202)
	at com.kms.katalon.core.main.TestSuiteExecutor.accessTestSuiteMainPhase(TestSuiteExecutor.java:164)
	at com.kms.katalon.core.main.TestSuiteExecutor.execute(TestSuiteExecutor.java:105)
	at com.kms.katalon.core.main.TestCaseMain.startTestSuite(TestCaseMain.java:185)
	at com.kms.katalon.core.main.TestCaseMain$startTestSuite$0.call(Unknown Source)
	at TempTestSuite1657787280448.run(TempTestSuite1657787280448.groovy:36)
)
[[ATTACHMENT|C:\\Users\\Nia Yusniati\\Git_Asa\\webview-tracking\\Reports\\20220714_152800\\1\\20220714_152800\\1657787430922.png]]

2022-07-14 15:30:31 - [TEST_STEP][PASSED] - takeFullPageScreenshot(): Taking screenshot successfully

2022-07-14 15:30:32 - [MESSAGE][INFO] - 0 hidden object(s)

2022-07-14 15:30:32 - [MESSAGE][PASSED] - Taking screenshot successfully
[[ATTACHMENT|C:\\Users\\Nia Yusniati\\Git_Asa\\webview-tracking\\Reports\\20220714_152800\\1\\20220714_152800\\1657787431150.png]]]]></system-out>
         <system-err><![CDATA[]]></system-err>
      </testcase>
      <system-out><![CDATA[2022-07-14 15:28:17 - [TEST_SUITE][PASSED] - 1: Test Cases/web]]></system-out>
      <system-err><![CDATA[]]></system-err>
   </testsuite>
</testsuites>
